2023-12-19 00:38:11,998 - upload_images - INFO - start [0.1]
2023-12-19 00:38:11,998 - upload_images - INFO - DICOM_FOLDER [C:\py\Dicom\]
2023-12-19 00:38:11,999 - upload_images - INFO - OUT_FAILED [C:\py\failed\]
2023-12-19 00:38:11,999 - upload_images - INFO - OUT_SUCCESS [C:\py\success\]
2023-12-19 00:38:11,999 - upload_images - INFO - API_BASEURL [api-satusehat-dev.dto.kemkes.go.id]
2023-12-19 00:38:11,999 - upload_images - INFO - TOKEN_PATH [/oauth2/v1/accesstoken?grant_type=client_credentials]
2023-12-19 00:38:11,999 - upload_images - INFO - SEND_PATH [/dicom/telepathology/v1/dicomWeb/studies]
2023-12-19 00:38:11,999 - upload_images - INFO - getting token...
2023-12-19 00:38:12,305 - upload_images - INFO - {
  "refresh_token_expires_in": "0",
  "api_product_list": "[api-dicom-ver2]",
  "api_product_list_json": [
    "api-dicom-ver2"
  ],
  "organization_name": "ihs-prod-1",
  "developer.email": "roche@dto.kemkes.go.id",
  "token_type": "BearerToken",
  "issued_at": "1702917492288",
  "client_id": "YvIA6rsdXIMSH8b0Leqpg2ldWuzDudtluSvApRHbpN5U1rHb",
  "access_token": "QMGlEV7eHjfgREB3c2GpZDLRJ4Ok",
  "application_name": "8e6493f9-fd9c-412a-bf01-0b766bb15cc2",
  "scope": "",
  "expires_in": "3599",
  "refresh_count": "0",
  "status": "approved"
}
2023-12-19 00:38:12,307 - upload_images - INFO - QMGlEV7eHjfgREB3c2GpZDLRJ4Ok
2023-12-19 00:38:12,313 - upload_images - INFO - List of files: ['C:\\py\\pending\\S413-001;A;1;1\\E870F0A1\\CF7D270F\\9B95D848\\162CB78E', 'C:\\py\\pending\\S413-001;A;1;1\\E870F0A1\\CF7D270F\\D1E279CD\\162CB789', 'C:\\py\\pending\\S413-001;A;1;1\\E870F0A1\\CF7D270F\\D1E279CD\\162CB78A', 'C:\\py\\pending\\S413-001;A;1;1\\E870F0A1\\CF7D270F\\D1E279CD\\162CB78B', 'C:\\py\\pending\\S413-001;A;1;1\\E870F0A1\\CF7D270F\\D1E279CD\\162CB78C', 'C:\\py\\pending\\S413-001;A;1;1\\E870F0A1\\CF7D270F\\D1E279CD\\162CB78D', 'C:\\py\\pending\\S413-001;A;1;1\\E870F0A1\\CF7D270F\\D1E279CD\\162CB78F', 'C:\\py\\pending\\S413-001;A;1;1\\E870F0A1\\CF7D270F\\D1E279CD\\162CB790']
2023-12-19 00:38:12,313 - upload_images - INFO - Deleting empty folder: C:\py\Dicom\S413-001;A;1;1\E870F0A1\CF7D270F\9B95D848
2023-12-19 00:38:12,313 - upload_images - INFO - Deleting empty folder: C:\py\Dicom\S413-001;A;1;1\E870F0A1\CF7D270F\D1E279CD
2023-12-19 00:38:12,314 - upload_images - INFO - Deleting empty folder: C:\py\Dicom\S413-001;A;1;1\E870F0A1\CF7D270F
2023-12-19 00:38:12,314 - upload_images - INFO - Deleting empty folder: C:\py\Dicom\S413-001;A;1;1\E870F0A1
2023-12-19 00:38:12,314 - upload_images - INFO - Deleting empty folder: C:\py\Dicom\S413-001;A;1;1
2023-12-19 00:38:12,315 - upload_images - INFO - Deleting empty folder: C:\py\Dicom\
2023-12-19 00:38:12,315 - upload_images - INFO - C:\py\pending\S413-001;A;1;1\E870F0A1\CF7D270F\9B95D848\162CB78E
2023-12-19 00:38:12,316 - upload_images - INFO - posting dicom file...[QMGlEV7eHjfgREB3c2GpZDLRJ4Ok]
2023-12-19 00:38:16,615 - upload_images - INFO - 200
2023-12-19 00:38:16,620 - upload_images - INFO - <NativeDicomModel><DicomAttribute tag="00081190" vr="UR" keyword="RetrieveURL"><Value number="1">https://api-satusehat-dev.dto.kemkes.go.id/dicom/v1-ver2/dicomWeb/studies/1.2.826.0.1.3244452.3.2.316381995</Value></DicomAttribute><DicomAttribute tag="00081199" vr="SQ" keyword="ReferencedSOPSequence"><Item number="1"><DicomAttribute tag="00081150" vr="UI" keyword="ReferencedSOPClassUID"><Value number="1">1.2.840.10008.5.1.4.1.1.77.1.6</Value></DicomAttribute><DicomAttribute tag="00081155" vr="UI" keyword="ReferencedSOPInstanceUID"><Value number="1">1.2.826.0.1.3244452.3.1.37846.807684476.522642.16785.21206.726</Value></DicomAttribute><DicomAttribute tag="00081190" vr="UR" keyword="RetrieveURL"><Value number="1">https://api-satusehat-dev.dto.kemkes.go.id/dicom/v1-ver2/dicomWeb/studies/1.2.826.0.1.3244452.3.2.316381995/series/1.2.826.0.1.3244452.3.3.2002714833/instances/1.2.826.0.1.3244452.3.1.37846.807684476.522642.16785.21206.726</Value></DicomAttribute><DicomAttribute tag="00081196" vr="US" keyword="WarningReason"><Value number="1">45070</Value></DicomAttribute><DicomAttribute tag="00090096" vr="LT" keyword="WarningDetail" privateCreator="SATUSEHAT"><Value number="1">Instance already exists.</Value></DicomAttribute></Item></DicomAttribute></NativeDicomModel>

2023-12-19 00:38:16,634 - upload_images - INFO - C:\py\pending\S413-001;A;1;1\E870F0A1\CF7D270F\D1E279CD\162CB789
2023-12-19 00:38:16,634 - upload_images - INFO - posting dicom file...[QMGlEV7eHjfgREB3c2GpZDLRJ4Ok]
2023-12-19 00:38:17,431 - upload_images - INFO - 200
2023-12-19 00:38:17,433 - upload_images - INFO - <NativeDicomModel><DicomAttribute tag="00081190" vr="UR" keyword="RetrieveURL"><Value number="1">https://api-satusehat-dev.dto.kemkes.go.id/dicom/v1-ver2/dicomWeb/studies/1.2.826.0.1.3244452.3.2.316381995</Value></DicomAttribute><DicomAttribute tag="00081199" vr="SQ" keyword="ReferencedSOPSequence"><Item number="1"><DicomAttribute tag="00081150" vr="UI" keyword="ReferencedSOPClassUID"><Value number="1">1.2.840.10008.5.1.4.1.1.77.1.6</Value></DicomAttribute><DicomAttribute tag="00081155" vr="UI" keyword="ReferencedSOPInstanceUID"><Value number="1">1.2.826.0.1.3244452.3.1.86255.807684476.547155.980774.391315.676</Value></DicomAttribute><DicomAttribute tag="00081190" vr="UR" keyword="RetrieveURL"><Value number="1">https://api-satusehat-dev.dto.kemkes.go.id/dicom/v1-ver2/dicomWeb/studies/1.2.826.0.1.3244452.3.2.316381995/series/1.2.826.0.1.3244452.3.3.1951204654/instances/1.2.826.0.1.3244452.3.1.86255.807684476.547155.980774.391315.676</Value></DicomAttribute><DicomAttribute tag="00081196" vr="US" keyword="WarningReason"><Value number="1">45070</Value></DicomAttribute><DicomAttribute tag="00090096" vr="LT" keyword="WarningDetail" privateCreator="SATUSEHAT"><Value number="1">Instance already exists.</Value></DicomAttribute></Item></DicomAttribute></NativeDicomModel>

2023-12-19 00:38:17,439 - upload_images - INFO - C:\py\pending\S413-001;A;1;1\E870F0A1\CF7D270F\D1E279CD\162CB78A
2023-12-19 00:38:17,439 - upload_images - INFO - posting dicom file...[QMGlEV7eHjfgREB3c2GpZDLRJ4Ok]
2023-12-19 00:38:18,347 - upload_images - INFO - 200
2023-12-19 00:38:18,353 - upload_images - INFO - <NativeDicomModel><DicomAttribute tag="00081190" vr="UR" keyword="RetrieveURL"><Value number="1">https://api-satusehat-dev.dto.kemkes.go.id/dicom/v1-ver2/dicomWeb/studies/1.2.826.0.1.3244452.3.2.316381995</Value></DicomAttribute><DicomAttribute tag="00081199" vr="SQ" keyword="ReferencedSOPSequence"><Item number="1"><DicomAttribute tag="00081150" vr="UI" keyword="ReferencedSOPClassUID"><Value number="1">1.2.840.10008.5.1.4.1.1.77.1.6</Value></DicomAttribute><DicomAttribute tag="00081155" vr="UI" keyword="ReferencedSOPInstanceUID"><Value number="1">1.2.826.0.1.3244452.3.1.17441.807684476.150977.66026.183302.948</Value></DicomAttribute><DicomAttribute tag="00081190" vr="UR" keyword="RetrieveURL"><Value number="1">https://api-satusehat-dev.dto.kemkes.go.id/dicom/v1-ver2/dicomWeb/studies/1.2.826.0.1.3244452.3.2.316381995/series/1.2.826.0.1.3244452.3.3.1951204654/instances/1.2.826.0.1.3244452.3.1.17441.807684476.150977.66026.183302.948</Value></DicomAttribute><DicomAttribute tag="00081196" vr="US" keyword="WarningReason"><Value number="1">45070</Value></DicomAttribute><DicomAttribute tag="00090096" vr="LT" keyword="WarningDetail" privateCreator="SATUSEHAT"><Value number="1">Instance already exists.</Value></DicomAttribute></Item></DicomAttribute></NativeDicomModel>

2023-12-19 00:38:18,359 - upload_images - INFO - C:\py\pending\S413-001;A;1;1\E870F0A1\CF7D270F\D1E279CD\162CB78B
2023-12-19 00:38:18,359 - upload_images - INFO - posting dicom file...[QMGlEV7eHjfgREB3c2GpZDLRJ4Ok]
2023-12-19 00:38:19,177 - upload_images - INFO - 200
2023-12-19 00:38:19,181 - upload_images - INFO - <NativeDicomModel><DicomAttribute tag="00081190" vr="UR" keyword="RetrieveURL"><Value number="1">https://api-satusehat-dev.dto.kemkes.go.id/dicom/v1-ver2/dicomWeb/studies/1.2.826.0.1.3244452.3.2.316381995</Value></DicomAttribute><DicomAttribute tag="00081199" vr="SQ" keyword="ReferencedSOPSequence"><Item number="1"><DicomAttribute tag="00081150" vr="UI" keyword="ReferencedSOPClassUID"><Value number="1">1.2.840.10008.5.1.4.1.1.77.1.6</Value></DicomAttribute><DicomAttribute tag="00081155" vr="UI" keyword="ReferencedSOPInstanceUID"><Value number="1">1.2.826.0.1.3244452.3.1.60544.807684476.147082.818170.434819.670</Value></DicomAttribute><DicomAttribute tag="00081190" vr="UR" keyword="RetrieveURL"><Value number="1">https://api-satusehat-dev.dto.kemkes.go.id/dicom/v1-ver2/dicomWeb/studies/1.2.826.0.1.3244452.3.2.316381995/series/1.2.826.0.1.3244452.3.3.1951204654/instances/1.2.826.0.1.3244452.3.1.60544.807684476.147082.818170.434819.670</Value></DicomAttribute><DicomAttribute tag="00081196" vr="US" keyword="WarningReason"><Value number="1">45070</Value></DicomAttribute><DicomAttribute tag="00090096" vr="LT" keyword="WarningDetail" privateCreator="SATUSEHAT"><Value number="1">Instance already exists.</Value></DicomAttribute></Item></DicomAttribute></NativeDicomModel>

2023-12-19 00:38:19,187 - upload_images - INFO - C:\py\pending\S413-001;A;1;1\E870F0A1\CF7D270F\D1E279CD\162CB78C
2023-12-19 00:38:19,187 - upload_images - INFO - posting dicom file...[QMGlEV7eHjfgREB3c2GpZDLRJ4Ok]
2023-12-19 00:38:20,046 - upload_images - INFO - 200
2023-12-19 00:38:20,049 - upload_images - INFO - <NativeDicomModel><DicomAttribute tag="00081190" vr="UR" keyword="RetrieveURL"><Value number="1">https://api-satusehat-dev.dto.kemkes.go.id/dicom/v1-ver2/dicomWeb/studies/1.2.826.0.1.3244452.3.2.316381995</Value></DicomAttribute><DicomAttribute tag="00081199" vr="SQ" keyword="ReferencedSOPSequence"><Item number="1"><DicomAttribute tag="00081150" vr="UI" keyword="ReferencedSOPClassUID"><Value number="1">1.2.840.10008.5.1.4.1.1.77.1.6</Value></DicomAttribute><DicomAttribute tag="00081155" vr="UI" keyword="ReferencedSOPInstanceUID"><Value number="1">1.2.826.0.1.3244452.3.1.15426.807684476.892438.995672.954238.27</Value></DicomAttribute><DicomAttribute tag="00081190" vr="UR" keyword="RetrieveURL"><Value number="1">https://api-satusehat-dev.dto.kemkes.go.id/dicom/v1-ver2/dicomWeb/studies/1.2.826.0.1.3244452.3.2.316381995/series/1.2.826.0.1.3244452.3.3.1951204654/instances/1.2.826.0.1.3244452.3.1.15426.807684476.892438.995672.954238.27</Value></DicomAttribute><DicomAttribute tag="00081196" vr="US" keyword="WarningReason"><Value number="1">45070</Value></DicomAttribute><DicomAttribute tag="00090096" vr="LT" keyword="WarningDetail" privateCreator="SATUSEHAT"><Value number="1">Instance already exists.</Value></DicomAttribute></Item></DicomAttribute></NativeDicomModel>

2023-12-19 00:38:20,055 - upload_images - INFO - C:\py\pending\S413-001;A;1;1\E870F0A1\CF7D270F\D1E279CD\162CB78D
2023-12-19 00:38:20,055 - upload_images - INFO - posting dicom file...[QMGlEV7eHjfgREB3c2GpZDLRJ4Ok]
2023-12-19 00:38:30,022 - upload_images - INFO - 200
2023-12-19 00:38:30,022 - upload_images - INFO - <NativeDicomModel><DicomAttribute tag="00081190" vr="UR" keyword="RetrieveURL"><Value number="1">https://api-satusehat-dev.dto.kemkes.go.id/dicom/v1-ver2/dicomWeb/studies/1.2.826.0.1.3244452.3.2.316381995</Value></DicomAttribute><DicomAttribute tag="00081199" vr="SQ" keyword="ReferencedSOPSequence"><Item number="1"><DicomAttribute tag="00081150" vr="UI" keyword="ReferencedSOPClassUID"><Value number="1">1.2.840.10008.5.1.4.1.1.77.1.6</Value></DicomAttribute><DicomAttribute tag="00081155" vr="UI" keyword="ReferencedSOPInstanceUID"><Value number="1">1.2.826.0.1.3244452.3.1.76204.807684476.96556.489774.647547.484</Value></DicomAttribute><DicomAttribute tag="00081190" vr="UR" keyword="RetrieveURL"><Value number="1">https://api-satusehat-dev.dto.kemkes.go.id/dicom/v1-ver2/dicomWeb/studies/1.2.826.0.1.3244452.3.2.316381995/series/1.2.826.0.1.3244452.3.3.1951204654/instances/1.2.826.0.1.3244452.3.1.76204.807684476.96556.489774.647547.484</Value></DicomAttribute><DicomAttribute tag="00081196" vr="US" keyword="WarningReason"><Value number="1">45070</Value></DicomAttribute><DicomAttribute tag="00090096" vr="LT" keyword="WarningDetail" privateCreator="SATUSEHAT"><Value number="1">Instance already exists.</Value></DicomAttribute></Item></DicomAttribute></NativeDicomModel>

2023-12-19 00:38:30,062 - upload_images - INFO - C:\py\pending\S413-001;A;1;1\E870F0A1\CF7D270F\D1E279CD\162CB78F
2023-12-19 00:38:30,062 - upload_images - INFO - posting dicom file...[QMGlEV7eHjfgREB3c2GpZDLRJ4Ok]
2023-12-19 00:38:31,397 - upload_images - INFO - 200
2023-12-19 00:38:31,397 - upload_images - INFO - <NativeDicomModel><DicomAttribute tag="00081190" vr="UR" keyword="RetrieveURL"><Value number="1">https://api-satusehat-dev.dto.kemkes.go.id/dicom/v1-ver2/dicomWeb/studies/1.2.826.0.1.3244452.3.2.316381995</Value></DicomAttribute><DicomAttribute tag="00081199" vr="SQ" keyword="ReferencedSOPSequence"><Item number="1"><DicomAttribute tag="00081150" vr="UI" keyword="ReferencedSOPClassUID"><Value number="1">1.2.840.10008.5.1.4.1.1.77.1.6</Value></DicomAttribute><DicomAttribute tag="00081155" vr="UI" keyword="ReferencedSOPInstanceUID"><Value number="1">1.2.826.0.1.3244452.3.1.48490.807684476.892947.110274.932024.766</Value></DicomAttribute><DicomAttribute tag="00081190" vr="UR" keyword="RetrieveURL"><Value number="1">https://api-satusehat-dev.dto.kemkes.go.id/dicom/v1-ver2/dicomWeb/studies/1.2.826.0.1.3244452.3.2.316381995/series/1.2.826.0.1.3244452.3.3.1951204654/instances/1.2.826.0.1.3244452.3.1.48490.807684476.892947.110274.932024.766</Value></DicomAttribute><DicomAttribute tag="00081196" vr="US" keyword="WarningReason"><Value number="1">45070</Value></DicomAttribute><DicomAttribute tag="00090096" vr="LT" keyword="WarningDetail" privateCreator="SATUSEHAT"><Value number="1">Instance already exists.</Value></DicomAttribute></Item></DicomAttribute></NativeDicomModel>

2023-12-19 00:38:31,412 - upload_images - INFO - C:\py\pending\S413-001;A;1;1\E870F0A1\CF7D270F\D1E279CD\162CB790
2023-12-19 00:38:31,412 - upload_images - INFO - posting dicom file...[QMGlEV7eHjfgREB3c2GpZDLRJ4Ok]
2023-12-19 00:38:34,460 - upload_images - INFO - 200
2023-12-19 00:38:34,460 - upload_images - INFO - <NativeDicomModel><DicomAttribute tag="00081190" vr="UR" keyword="RetrieveURL"><Value number="1">https://api-satusehat-dev.dto.kemkes.go.id/dicom/v1-ver2/dicomWeb/studies/1.2.826.0.1.3244452.3.2.316381995</Value></DicomAttribute><DicomAttribute tag="00081199" vr="SQ" keyword="ReferencedSOPSequence"><Item number="1"><DicomAttribute tag="00081150" vr="UI" keyword="ReferencedSOPClassUID"><Value number="1">1.2.840.10008.5.1.4.1.1.77.1.6</Value></DicomAttribute><DicomAttribute tag="00081155" vr="UI" keyword="ReferencedSOPInstanceUID"><Value number="1">1.2.826.0.1.3244452.3.1.24334.807684476.206620.796252.198094.462</Value></DicomAttribute><DicomAttribute tag="00081190" vr="UR" keyword="RetrieveURL"><Value number="1">https://api-satusehat-dev.dto.kemkes.go.id/dicom/v1-ver2/dicomWeb/studies/1.2.826.0.1.3244452.3.2.316381995/series/1.2.826.0.1.3244452.3.3.1951204654/instances/1.2.826.0.1.3244452.3.1.24334.807684476.206620.796252.198094.462</Value></DicomAttribute><DicomAttribute tag="00081196" vr="US" keyword="WarningReason"><Value number="1">45070</Value></DicomAttribute><DicomAttribute tag="00090096" vr="LT" keyword="WarningDetail" privateCreator="SATUSEHAT"><Value number="1">Instance already exists.</Value></DicomAttribute></Item></DicomAttribute></NativeDicomModel>

2023-12-19 00:38:34,475 - upload_images - INFO - Deleting empty folder: C:\py\pending\S413-001;A;1;1\E870F0A1\CF7D270F\9B95D848
2023-12-19 00:38:34,475 - upload_images - INFO - Deleting empty folder: C:\py\pending\S413-001;A;1;1\E870F0A1\CF7D270F\D1E279CD
2023-12-19 00:38:34,475 - upload_images - INFO - Deleting empty folder: C:\py\pending\S413-001;A;1;1\E870F0A1\CF7D270F
2023-12-19 00:38:34,475 - upload_images - INFO - Deleting empty folder: C:\py\pending\S413-001;A;1;1\E870F0A1
2023-12-19 00:38:34,475 - upload_images - INFO - Deleting empty folder: C:\py\pending\S413-001;A;1;1
2023-12-19 00:38:34,475 - upload_images - INFO - Deleting empty folder: C:\py\pending\
